<?xml version="1.0" encoding="UTF-8"?>
<testsuite name="ru.stqa.pft.adressbook.tests.GroupDeletionTests" tests="1" skipped="0" failures="0" errors="0" timestamp="2018-11-25T02:47:00" hostname="LAPTOP-PATQFI3L" time="0.511">
  <properties/>
  <testcase name="testGroupDeletion" classname="ru.stqa.pft.adressbook.tests.GroupDeletionTests" time="0.511"/>
  <system-out><![CDATA[]]></system-out>
  <system-err><![CDATA[]]></system-err>
</testsuite>
